<?xml version="1.0" encoding="UTF-8"?>
<!-- Generated by org.testng.reporters.JUnitReportReporter -->
<testsuite hostname="DESKTOP-T8220VK" failures="0" tests="3" name="Testing_package.Selenium_dev" time="0.171" errors="0" timestamp="2025-08-18T11:37:22 IST" skipped="3">
  <testcase classname="Testing_package.Selenium_dev" name="testOnly" time="0.165">
    <skipped/>
  </testcase> <!-- testOnly -->
  <testcase classname="Testing_package.Selenium_dev" name="title" time="0.006">
    <skipped/>
  </testcase> <!-- title -->
  <testcase classname="Testing_package.Selenium_dev" name="url" time="0.000">
    <skipped/>
  </testcase> <!-- url -->
</testsuite> <!-- Testing_package.Selenium_dev -->
