<?xml version="1.0" encoding="UTF-8"?>
<!-- Generated by org.testng.reporters.JUnitReportReporter -->
<testsuite hostname="DESKTOP-T8220VK" failures="0" tests="4" name="Testing_package.Parallel_testing" time="25.781" errors="0" timestamp="2025-08-14T12:59:23 IST" skipped="0">
  <testcase classname="Testing_package.Parallel_testing" name="flipkart" time="6.453"/>
  <testcase classname="Testing_package.Parallel_testing" name="zerobank" time="9.958"/>
  <testcase classname="Testing_package.Parallel_testing" name="amazon" time="6.607"/>
  <testcase classname="Testing_package.Parallel_testing" name="eBay" time="2.763"/>
</testsuite> <!-- Testing_package.Parallel_testing -->
