<?xml version="1.0" encoding="UTF-8"?>
<!-- Generated by org.testng.reporters.JUnitReportReporter -->
<testsuite hostname="DESKTOP-T8220VK" failures="0" tests="12" name="Testing_package.EcommerceTest" time="0.052" errors="0" timestamp="2025-08-18T13:57:41 IST" skipped="1">
  <testcase classname="Testing_package.EcommerceTest" name="searchProduct" time="0.002"/>
  <testcase classname="Testing_package.EcommerceTest" name="dataProviderLogin" time="0.010"/>
  <testcase classname="Testing_package.EcommerceTest" name="dataProviderLogin" time="0.010"/>
  <testcase classname="Testing_package.EcommerceTest" name="dataProviderLogin" time="0.010"/>
  <testcase classname="Testing_package.EcommerceTest" name="activeTest" time="0.008"/>
  <testcase classname="Testing_package.EcommerceTest" name="login" time="0.002"/>
  <testcase classname="Testing_package.EcommerceTest" name="runMultipleTimes" time="0.002"/>
  <testcase classname="Testing_package.EcommerceTest" name="runMultipleTimes" time="0.002"/>
  <testcase classname="Testing_package.EcommerceTest" name="loginWithParameters" time="0.003"/>
  <testcase classname="Testing_package.EcommerceTest" name="runMultipleTimes" time="0.001"/>
  <testcase classname="Testing_package.EcommerceTest" name="logout" time="0.002"/>
  <testcase classname="Testing_package.EcommerceTest" name="disabledTest">
    <skipped/>
  </testcase> <!-- disabledTest -->
</testsuite> <!-- Testing_package.EcommerceTest -->
