<?xml version="1.0" encoding="UTF-8"?>
<!-- Generated by org.testng.reporters.JUnitReportReporter -->
<testsuite hostname="DESKTOP-T8220VK" failures="0" tests="2" name="TestNG_package.DisabledTestExample" time="0.016" errors="0" timestamp="2025-08-18T15:07:58 IST" skipped="1">
  <testcase classname="TestNG_package.DisabledTestExample" name="openHomePage" time="0.016"/>
  <testcase classname="TestNG_package.DisabledTestExample" name="disabledTest">
    <skipped/>
  </testcase> <!-- disabledTest -->
</testsuite> <!-- TestNG_package.DisabledTestExample -->
