<?xml version="1.0" encoding="UTF-8"?>
<!-- Generated by org.testng.reporters.JUnitReportReporter -->
<testsuite hostname="DESKTOP-T8220VK" failures="0" tests="11" name="Page_pacakage.TestClass" time="0.017" errors="1" timestamp="2025-08-16T11:56:32 IST" skipped="10">
  <testcase classname="Page_pacakage.TestClass" name="multipleSearchesTest" time="0.000">
    <skipped/>
  </testcase> <!-- multipleSearchesTest -->
  <testcase classname="Page_pacakage.TestClass" name="changeAddressTest" time="0.000">
    <skipped/>
  </testcase> <!-- changeAddressTest -->
  <testcase classname="Page_pacakage.TestClass" name="changeLanguageTest" time="0.000">
    <skipped/>
  </testcase> <!-- changeLanguageTest -->
  <testcase classname="Page_pacakage.TestClass" name="changeLoginNameTest" time="0.000">
    <skipped/>
  </testcase> <!-- changeLoginNameTest -->
  <testcase classname="Page_pacakage.TestClass" name="loginTest" time="0.000">
    <skipped/>
  </testcase> <!-- loginTest -->
  <testcase classname="Page_pacakage.TestClass" name="deleteFromCartTest" time="0.000">
    <skipped/>
  </testcase> <!-- deleteFromCartTest -->
  <testcase classname="Page_pacakage.TestClass" name="shopAllCategoriesTest" time="0.000">
    <skipped/>
  </testcase> <!-- shopAllCategoriesTest -->
  <testcase classname="Page_pacakage.TestClass" name="addToCartTest" time="0.000">
    <skipped/>
  </testcase> <!-- addToCartTest -->
  <testcase classname="Page_pacakage.TestClass" name="productRightClickDescriptionTest" time="0.000">
    <skipped/>
  </testcase> <!-- productRightClickDescriptionTest -->
  <testcase classname="Page_pacakage.TestClass" name="setup" time="0.017">
    <error message="Unresolved compilation problem: 
	The method implicitlyWait(Duration) in the type WebDriver.Timeouts is not applicable for the arguments (int, TimeUnit)
" type="java.lang.Error">
      <![CDATA[java.lang.Error: Unresolved compilation problem: 
The method implicitlyWait(Duration) in the type WebDriver.Timeouts is not applicable for the arguments (int, TimeUnit)

at Page_pacakage.TestClass.setup(TestClass.java:28)
at java.base/jdk.internal.reflect.DirectMethodHandleAccessor.invoke(DirectMethodHandleAccessor.java:103)
at java.base/java.lang.reflect.Method.invoke(Method.java:580)
at org.testng.internal.invokers.MethodInvocationHelper.invokeMethod(MethodInvocationHelper.java:141)
at org.testng.internal.invokers.MethodInvocationHelper.invokeMethodConsideringTimeout(MethodInvocationHelper.java:71)
at org.testng.internal.invokers.ConfigInvoker.invokeConfigurationMethod(ConfigInvoker.java:400)
at org.testng.internal.invokers.ConfigInvoker.invokeConfigurations(ConfigInvoker.java:333)
at org.testng.TestRunner.invokeTestConfigurations(TestRunner.java:657)
at org.testng.TestRunner.beforeRun(TestRunner.java:646)
at org.testng.TestRunner.run(TestRunner.java:612)
at org.testng.SuiteRunner.runTest(SuiteRunner.java:421)
at org.testng.SuiteRunner.runSequentially(SuiteRunner.java:413)
at org.testng.SuiteRunner.privateRun(SuiteRunner.java:373)
at org.testng.SuiteRunner.run(SuiteRunner.java:312)
at org.testng.SuiteRunnerWorker.runSuite(SuiteRunnerWorker.java:52)
at org.testng.SuiteRunnerWorker.run(SuiteRunnerWorker.java:95)
at org.testng.TestNG.runSuitesSequentially(TestNG.java:1274)
at org.testng.TestNG.runSuitesLocally(TestNG.java:1208)
at org.testng.TestNG.runSuites(TestNG.java:1112)
at org.testng.TestNG.run(TestNG.java:1079)
at org.testng.remote.AbstractRemoteTestNG.run(AbstractRemoteTestNG.java:115)
at org.testng.remote.RemoteTestNG.initAndRun(RemoteTestNG.java:293)
at org.testng.remote.RemoteTestNG.main(RemoteTestNG.java:91)
]]>
    </error>
  </testcase> <!-- setup -->
  <testcase classname="Page_pacakage.TestClass" name="shopByCategoryTest" time="0.000">
    <skipped/>
  </testcase> <!-- shopByCategoryTest -->
</testsuite> <!-- Page_pacakage.TestClass -->
