<?xml version="1.0" encoding="UTF-8"?>
<!-- Generated by org.testng.reporters.JUnitReportReporter -->
<testsuite hostname="DESKTOP-T8220VK" failures="0" tests="2" name="TestNG_package.RepeatedTestExample" time="4.020" errors="0" timestamp="2025-08-18T15:08:22 IST" skipped="0">
  <testcase classname="TestNG_package.RepeatedTestExample" name="repeatSearch" time="2.011"/>
  <testcase classname="TestNG_package.RepeatedTestExample" name="repeatSearch" time="2.009"/>
</testsuite> <!-- TestNG_package.RepeatedTestExample -->
