<?xml version="1.0" encoding="UTF-8"?>
<!-- Generated by org.testng.reporters.JUnitReportReporter -->
<testsuite hostname="DESKTOP-T8220VK" failures="0" tests="2" name="Sarthak_clinic.HospitalManagementTest" time="1.152" errors="0" timestamp="2025-08-23T16:25:04 IST" skipped="0">
  <testcase classname="Sarthak_clinic.HospitalManagementTest" name="testInvalidLoginWithMockDB" time="1.136"/>
  <testcase classname="Sarthak_clinic.HospitalManagementTest" name="testValidLoginWithMockDB" time="0.016"/>
</testsuite> <!-- Sarthak_clinic.HospitalManagementTest -->
