<?xml version="1.0" encoding="UTF-8"?>
<!-- Generated by org.testng.reporters.JUnitReportReporter -->
<testsuite hostname="DESKTOP-T8220VK" failures="0" tests="1" name="Jenkins_package.NewTest" time="6.043" errors="0" timestamp="2025-08-25T17:07:31 IST" skipped="0">
  <testcase classname="Jenkins_package.NewTest" name="f" time="6.043"/>
</testsuite> <!-- Jenkins_package.NewTest -->
